<html>
<head>
<title>TestNG:  Hub Spot sanity Test</title>
<link href="../testng.css" rel="stylesheet" type="text/css" />
<link href="../my-testng.css" rel="stylesheet" type="text/css" />

<style type="text/css">
.log { display: none;} 
.stack-trace { display: none;} 
</style>
<script type="text/javascript">
<!--
function flip(e) {
  current = e.style.display;
  if (current == 'block') {
    e.style.display = 'none';
    return 0;
  }
  else {
    e.style.display = 'block';
    return 1;
  }
}

function toggleBox(szDivId, elem, msg1, msg2)
{
  var res = -1;  if (document.getElementById) {
    res = flip(document.getElementById(szDivId));
  }
  else if (document.all) {
    // this is the way old msie versions work
    res = flip(document.all[szDivId]);
  }
  if(elem) {
    if(res == 0) elem.innerHTML = msg1; else elem.innerHTML = msg2;
  }

}

function toggleAllBoxes() {
  if (document.getElementsByTagName) {
    d = document.getElementsByTagName('div');
    for (i = 0; i < d.length; i++) {
      if (d[i].className == 'log') {
        flip(d[i]);
      }
    }
  }
}

// -->
</script>

</head>
<body>
<h2 align='center'>Hub Spot sanity Test</h2><table border='1' align="center">
<tr>
<td>Tests passed/Failed/Skipped:</td><td>7/0/4</td>
</tr><tr>
<td>Started on:</td><td>Sat Dec 21 17:56:14 IST 2019</td>
</tr>
<tr><td>Total time:</td><td>435 seconds (435804 ms)</td>
</tr><tr>
<td>Included groups:</td><td></td>
</tr><tr>
<td>Excluded groups:</td><td></td>
</tr>
</table><p/>
<small><i>(Hover the method name to see the test class name)</i></small><p/>
<table width='100%' border='1' class='invocation-passed'>
<tr><td colspan='4' align='center'><b>PASSED TESTS</b></td></tr>
<tr><td><b>Test method</b></td>
<td width="30%"><b>Exception</b></td>
<td width="10%"><b>Time (seconds)</b></td>
<td><b>Instance</b></td>
</tr>
<tr>
<td title='com.qa.hubspot.tests.ContactsPageTest.contactsPageTitleTest()'><b>contactsPageTitleTest</b><br>Test class: com.qa.hubspot.tests.ContactsPageTest</td>
<td></td>
<td>0</td>
<td>com.qa.hubspot.tests.ContactsPageTest@200606de</td></tr>
<tr>
<td title='com.qa.hubspot.tests.HomePageTest.homePageHeaderTextTest()'><b>homePageHeaderTextTest</b><br>Test class: com.qa.hubspot.tests.HomePageTest</td>
<td></td>
<td>15</td>
<td>com.qa.hubspot.tests.HomePageTest@66238be2</td></tr>
<tr>
<td title='com.qa.hubspot.tests.HomePageTest.homePageTitleTest()'><b>homePageTitleTest</b><br>Test class: com.qa.hubspot.tests.HomePageTest</td>
<td></td>
<td>6</td>
<td>com.qa.hubspot.tests.HomePageTest@66238be2</td></tr>
<tr>
<td title='com.qa.hubspot.tests.LoginPageTest.loginPageTitleTest()'><b>loginPageTitleTest</b><br>Test class: com.qa.hubspot.tests.LoginPageTest<br>Test method: verifying login page title test</td>
<td></td>
<td>14</td>
<td>com.qa.hubspot.tests.LoginPageTest@4362d7df</td></tr>
<tr>
<td title='com.qa.hubspot.tests.ProfileAndPreferenceTest.profileAndPreferencesTitleTest()'><b>profileAndPreferencesTitleTest</b><br>Test class: com.qa.hubspot.tests.ProfileAndPreferenceTest</td>
<td></td>
<td>0</td>
<td>com.qa.hubspot.tests.ProfileAndPreferenceTest@1c25b8a7</td></tr>
<tr>
<td title='com.qa.hubspot.tests.LoginPageTest.signUpLinkTest()'><b>signUpLinkTest</b><br>Test class: com.qa.hubspot.tests.LoginPageTest<br>Test method: verifying sign up link link test</td>
<td></td>
<td>15</td>
<td>com.qa.hubspot.tests.LoginPageTest@4362d7df</td></tr>
<tr>
<td title='com.qa.hubspot.tests.DealsPageTest.titleTest()'><b>titleTest</b><br>Test class: com.qa.hubspot.tests.DealsPageTest</td>
<td></td>
<td>0</td>
<td>com.qa.hubspot.tests.DealsPageTest@750fe12e</td></tr>
</table><p>
<table width='100%' border='1' class='invocation-skipped'>
<tr><td colspan='4' align='center'><b>SKIPPED TESTS</b></td></tr>
<tr><td><b>Test method</b></td>
<td width="30%"><b>Exception</b></td>
<td width="10%"><b>Time (seconds)</b></td>
<td><b>Instance</b></td>
</tr>
<tr>
<td title='com.qa.hubspot.tests.ContactsPageTest.contactsPageTitleTest()'><b>contactsPageTitleTest</b><br>Test class: com.qa.hubspot.tests.ContactsPageTest</td>
<td><div><pre>org.openqa.selenium.TimeoutException: Expected condition failed: waiting for title to contain &quot;Contacts&quot;. Current title: &quot;Reports dashboard&quot; (tried for 25 second(s) with 500 milliseconds interval)
Build info: version: &apos;3.141.59&apos;, revision: &apos;e82be7d358&apos;, time: &apos;2018-11-14T08:17:03&apos;
System info: host: &apos;INPF00HE0Z&apos;, ip: &apos;192.168.43.194&apos;, os.name: &apos;Windows 10&apos;, os.arch: &apos;amd64&apos;, os.version: &apos;10.0&apos;, java.version: &apos;1.8.0_211&apos;
Driver info: org.openqa.selenium.chrome.ChromeDriver
Capabilities {acceptInsecureCerts: false, browserName: chrome, browserVersion: 76.0.3809.87, chrome: {chromedriverVersion: 76.0.3809.126 (d80a294506b4..., userDataDir: C:\Users\sganadipalli\AppDa...}, goog:chromeOptions: {debuggerAddress: localhost:58616}, javascriptEnabled: true, networkConnectionEnabled: false, pageLoadStrategy: normal, platform: XP, platformName: XP, proxy: Proxy(), setWindowRect: true, strictFileInteractability: false, timeouts: {implicit: 0, pageLoad: 300000, script: 30000}, unhandledPromptBehavior: dismiss and notify}
Session ID: eb64105d00565c68ed8431c37569e05a
	at org.openqa.selenium.support.ui.WebDriverWait.timeoutException(WebDriverWait.java:95)
	at org.openqa.selenium.support.ui.FluentWait.until(FluentWait.java:272)
	at com.qa.hubspot.util.ElementActions.waitPageTitle(ElementActions.java:78)
	at com.qa.hubspot.pages.ContactsPage.getContactsPageTitle(ContactsPage.java:36)
	at com.qa.hubspot.tests.ContactsPageTest.contactsPageTitleTest(ContactsPageTest.java:42)
... Removed 28 stack frames</pre></div><a href='#' onClick='toggleBox("stack-trace23604842", this, "Click to show all stack frames", "Click to hide stack frames")'>Click to show all stack frames</a>
<div class='stack-trace' id='stack-trace23604842'><pre>org.openqa.selenium.TimeoutException: Expected condition failed: waiting for title to contain &quot;Contacts&quot;. Current title: &quot;Reports dashboard&quot; (tried for 25 second(s) with 500 milliseconds interval)
Build info: version: &apos;3.141.59&apos;, revision: &apos;e82be7d358&apos;, time: &apos;2018-11-14T08:17:03&apos;
System info: host: &apos;INPF00HE0Z&apos;, ip: &apos;192.168.43.194&apos;, os.name: &apos;Windows 10&apos;, os.arch: &apos;amd64&apos;, os.version: &apos;10.0&apos;, java.version: &apos;1.8.0_211&apos;
Driver info: org.openqa.selenium.chrome.ChromeDriver
Capabilities {acceptInsecureCerts: false, browserName: chrome, browserVersion: 76.0.3809.87, chrome: {chromedriverVersion: 76.0.3809.126 (d80a294506b4..., userDataDir: C:\Users\sganadipalli\AppDa...}, goog:chromeOptions: {debuggerAddress: localhost:58616}, javascriptEnabled: true, networkConnectionEnabled: false, pageLoadStrategy: normal, platform: XP, platformName: XP, proxy: Proxy(), setWindowRect: true, strictFileInteractability: false, timeouts: {implicit: 0, pageLoad: 300000, script: 30000}, unhandledPromptBehavior: dismiss and notify}
Session ID: eb64105d00565c68ed8431c37569e05a
	at org.openqa.selenium.support.ui.WebDriverWait.timeoutException(WebDriverWait.java:95)
	at org.openqa.selenium.support.ui.FluentWait.until(FluentWait.java:272)
	at com.qa.hubspot.util.ElementActions.waitPageTitle(ElementActions.java:78)
	at com.qa.hubspot.pages.ContactsPage.getContactsPageTitle(ContactsPage.java:36)
	at com.qa.hubspot.tests.ContactsPageTest.contactsPageTitleTest(ContactsPageTest.java:42)
	at sun.reflect.NativeMethodAccessorImpl.invoke0(Native Method)
	at sun.reflect.NativeMethodAccessorImpl.invoke(NativeMethodAccessorImpl.java:62)
	at sun.reflect.DelegatingMethodAccessorImpl.invoke(DelegatingMethodAccessorImpl.java:43)
	at java.lang.reflect.Method.invoke(Method.java:498)
	at org.testng.internal.MethodInvocationHelper.invokeMethod(MethodInvocationHelper.java:124)
	at org.testng.internal.Invoker.invokeMethod(Invoker.java:583)
	at org.testng.internal.Invoker.invokeTestMethod(Invoker.java:719)
	at org.testng.internal.Invoker.invokeTestMethods(Invoker.java:989)
	at org.testng.internal.TestMethodWorker.invokeTestMethods(TestMethodWorker.java:125)
	at org.testng.internal.TestMethodWorker.run(TestMethodWorker.java:109)
	at org.testng.TestRunner.privateRun(TestRunner.java:648)
	at org.testng.TestRunner.run(TestRunner.java:505)
	at org.testng.SuiteRunner.runTest(SuiteRunner.java:455)
	at org.testng.SuiteRunner.runSequentially(SuiteRunner.java:450)
	at org.testng.SuiteRunner.privateRun(SuiteRunner.java:415)
	at org.testng.SuiteRunner.run(SuiteRunner.java:364)
	at org.testng.SuiteRunnerWorker.runSuite(SuiteRunnerWorker.java:52)
	at org.testng.SuiteRunnerWorker.run(SuiteRunnerWorker.java:84)
	at org.testng.TestNG.runSuitesSequentially(TestNG.java:1208)
	at org.testng.TestNG.runSuitesLocally(TestNG.java:1137)
	at org.testng.TestNG.runSuites(TestNG.java:1049)
	at org.testng.TestNG.run(TestNG.java:1017)
	at org.apache.maven.surefire.testng.TestNGExecutor.run(TestNGExecutor.java:283)
	at org.apache.maven.surefire.testng.TestNGXmlTestSuite.execute(TestNGXmlTestSuite.java:75)
	at org.apache.maven.surefire.testng.TestNGProvider.invoke(TestNGProvider.java:120)
	at org.apache.maven.surefire.booter.ForkedBooter.invokeProviderInSameClassLoader(ForkedBooter.java:386)
	at org.apache.maven.surefire.booter.ForkedBooter.runSuitesInProcess(ForkedBooter.java:323)
	at org.apache.maven.surefire.booter.ForkedBooter.main(ForkedBooter.java:143)
</pre></div></td>
<td>25</td>
<td>com.qa.hubspot.tests.ContactsPageTest@200606de</td></tr>
<tr>
<td title='com.qa.hubspot.tests.ProfileAndPreferenceTest.profileAndPreferencesTitleTest()'><b>profileAndPreferencesTitleTest</b><br>Test class: com.qa.hubspot.tests.ProfileAndPreferenceTest</td>
<td><div><pre>org.openqa.selenium.TimeoutException: Expected condition failed: waiting for title to contain &quot;User Preferences | HubSpot&quot;. Current title: &quot;Reports dashboard&quot; (tried for 25 second(s) with 500 milliseconds interval)
Build info: version: &apos;3.141.59&apos;, revision: &apos;e82be7d358&apos;, time: &apos;2018-11-14T08:17:03&apos;
System info: host: &apos;INPF00HE0Z&apos;, ip: &apos;192.168.43.194&apos;, os.name: &apos;Windows 10&apos;, os.arch: &apos;amd64&apos;, os.version: &apos;10.0&apos;, java.version: &apos;1.8.0_211&apos;
Driver info: org.openqa.selenium.chrome.ChromeDriver
Capabilities {acceptInsecureCerts: false, browserName: chrome, browserVersion: 76.0.3809.87, chrome: {chromedriverVersion: 76.0.3809.126 (d80a294506b4..., userDataDir: C:\Users\sganadipalli\AppDa...}, goog:chromeOptions: {debuggerAddress: localhost:57801}, javascriptEnabled: true, networkConnectionEnabled: false, pageLoadStrategy: normal, platform: XP, platformName: XP, proxy: Proxy(), setWindowRect: true, strictFileInteractability: false, timeouts: {implicit: 0, pageLoad: 300000, script: 30000}, unhandledPromptBehavior: dismiss and notify}
Session ID: cb3da1ba85ebd49362c030e9cc133c08
	at org.openqa.selenium.support.ui.WebDriverWait.timeoutException(WebDriverWait.java:95)
	at org.openqa.selenium.support.ui.FluentWait.until(FluentWait.java:272)
	at com.qa.hubspot.util.ElementActions.waitPageTitle(ElementActions.java:78)
	at com.qa.hubspot.pages.ProfileAndPreferencesPage.getProfileAndPreferencesTitle(ProfileAndPreferencesPage.java:36)
	at com.qa.hubspot.tests.ProfileAndPreferenceTest.profileAndPreferencesTitleTest(ProfileAndPreferenceTest.java:37)
... Removed 28 stack frames</pre></div><a href='#' onClick='toggleBox("stack-trace1769827821", this, "Click to show all stack frames", "Click to hide stack frames")'>Click to show all stack frames</a>
<div class='stack-trace' id='stack-trace1769827821'><pre>org.openqa.selenium.TimeoutException: Expected condition failed: waiting for title to contain &quot;User Preferences | HubSpot&quot;. Current title: &quot;Reports dashboard&quot; (tried for 25 second(s) with 500 milliseconds interval)
Build info: version: &apos;3.141.59&apos;, revision: &apos;e82be7d358&apos;, time: &apos;2018-11-14T08:17:03&apos;
System info: host: &apos;INPF00HE0Z&apos;, ip: &apos;192.168.43.194&apos;, os.name: &apos;Windows 10&apos;, os.arch: &apos;amd64&apos;, os.version: &apos;10.0&apos;, java.version: &apos;1.8.0_211&apos;
Driver info: org.openqa.selenium.chrome.ChromeDriver
Capabilities {acceptInsecureCerts: false, browserName: chrome, browserVersion: 76.0.3809.87, chrome: {chromedriverVersion: 76.0.3809.126 (d80a294506b4..., userDataDir: C:\Users\sganadipalli\AppDa...}, goog:chromeOptions: {debuggerAddress: localhost:57801}, javascriptEnabled: true, networkConnectionEnabled: false, pageLoadStrategy: normal, platform: XP, platformName: XP, proxy: Proxy(), setWindowRect: true, strictFileInteractability: false, timeouts: {implicit: 0, pageLoad: 300000, script: 30000}, unhandledPromptBehavior: dismiss and notify}
Session ID: cb3da1ba85ebd49362c030e9cc133c08
	at org.openqa.selenium.support.ui.WebDriverWait.timeoutException(WebDriverWait.java:95)
	at org.openqa.selenium.support.ui.FluentWait.until(FluentWait.java:272)
	at com.qa.hubspot.util.ElementActions.waitPageTitle(ElementActions.java:78)
	at com.qa.hubspot.pages.ProfileAndPreferencesPage.getProfileAndPreferencesTitle(ProfileAndPreferencesPage.java:36)
	at com.qa.hubspot.tests.ProfileAndPreferenceTest.profileAndPreferencesTitleTest(ProfileAndPreferenceTest.java:37)
	at sun.reflect.NativeMethodAccessorImpl.invoke0(Native Method)
	at sun.reflect.NativeMethodAccessorImpl.invoke(NativeMethodAccessorImpl.java:62)
	at sun.reflect.DelegatingMethodAccessorImpl.invoke(DelegatingMethodAccessorImpl.java:43)
	at java.lang.reflect.Method.invoke(Method.java:498)
	at org.testng.internal.MethodInvocationHelper.invokeMethod(MethodInvocationHelper.java:124)
	at org.testng.internal.Invoker.invokeMethod(Invoker.java:583)
	at org.testng.internal.Invoker.invokeTestMethod(Invoker.java:719)
	at org.testng.internal.Invoker.invokeTestMethods(Invoker.java:989)
	at org.testng.internal.TestMethodWorker.invokeTestMethods(TestMethodWorker.java:125)
	at org.testng.internal.TestMethodWorker.run(TestMethodWorker.java:109)
	at org.testng.TestRunner.privateRun(TestRunner.java:648)
	at org.testng.TestRunner.run(TestRunner.java:505)
	at org.testng.SuiteRunner.runTest(SuiteRunner.java:455)
	at org.testng.SuiteRunner.runSequentially(SuiteRunner.java:450)
	at org.testng.SuiteRunner.privateRun(SuiteRunner.java:415)
	at org.testng.SuiteRunner.run(SuiteRunner.java:364)
	at org.testng.SuiteRunnerWorker.runSuite(SuiteRunnerWorker.java:52)
	at org.testng.SuiteRunnerWorker.run(SuiteRunnerWorker.java:84)
	at org.testng.TestNG.runSuitesSequentially(TestNG.java:1208)
	at org.testng.TestNG.runSuitesLocally(TestNG.java:1137)
	at org.testng.TestNG.runSuites(TestNG.java:1049)
	at org.testng.TestNG.run(TestNG.java:1017)
	at org.apache.maven.surefire.testng.TestNGExecutor.run(TestNGExecutor.java:283)
	at org.apache.maven.surefire.testng.TestNGXmlTestSuite.execute(TestNGXmlTestSuite.java:75)
	at org.apache.maven.surefire.testng.TestNGProvider.invoke(TestNGProvider.java:120)
	at org.apache.maven.surefire.booter.ForkedBooter.invokeProviderInSameClassLoader(ForkedBooter.java:386)
	at org.apache.maven.surefire.booter.ForkedBooter.runSuitesInProcess(ForkedBooter.java:323)
	at org.apache.maven.surefire.booter.ForkedBooter.main(ForkedBooter.java:143)
</pre></div></td>
<td>25</td>
<td>com.qa.hubspot.tests.ProfileAndPreferenceTest@1c25b8a7</td></tr>
<tr>
<td title='com.qa.hubspot.tests.ProfileAndPreferenceTest.profileAndPreferencesTitleTest()'><b>profileAndPreferencesTitleTest</b><br>Test class: com.qa.hubspot.tests.ProfileAndPreferenceTest</td>
<td><div><pre>org.openqa.selenium.TimeoutException: Expected condition failed: waiting for title to contain &quot;User Preferences | HubSpot&quot;. Current title: &quot;Reports dashboard&quot; (tried for 25 second(s) with 500 milliseconds interval)
Build info: version: &apos;3.141.59&apos;, revision: &apos;e82be7d358&apos;, time: &apos;2018-11-14T08:17:03&apos;
System info: host: &apos;INPF00HE0Z&apos;, ip: &apos;192.168.43.194&apos;, os.name: &apos;Windows 10&apos;, os.arch: &apos;amd64&apos;, os.version: &apos;10.0&apos;, java.version: &apos;1.8.0_211&apos;
Driver info: org.openqa.selenium.chrome.ChromeDriver
Capabilities {acceptInsecureCerts: false, browserName: chrome, browserVersion: 76.0.3809.87, chrome: {chromedriverVersion: 76.0.3809.126 (d80a294506b4..., userDataDir: C:\Users\sganadipalli\AppDa...}, goog:chromeOptions: {debuggerAddress: localhost:58034}, javascriptEnabled: true, networkConnectionEnabled: false, pageLoadStrategy: normal, platform: XP, platformName: XP, proxy: Proxy(), setWindowRect: true, strictFileInteractability: false, timeouts: {implicit: 0, pageLoad: 300000, script: 30000}, unhandledPromptBehavior: dismiss and notify}
Session ID: 886823e3af8fdc051098cecddfa3d5cc
	at org.openqa.selenium.support.ui.WebDriverWait.timeoutException(WebDriverWait.java:95)
	at org.openqa.selenium.support.ui.FluentWait.until(FluentWait.java:272)
	at com.qa.hubspot.util.ElementActions.waitPageTitle(ElementActions.java:78)
	at com.qa.hubspot.pages.ProfileAndPreferencesPage.getProfileAndPreferencesTitle(ProfileAndPreferencesPage.java:36)
	at com.qa.hubspot.tests.ProfileAndPreferenceTest.profileAndPreferencesTitleTest(ProfileAndPreferenceTest.java:37)
... Removed 28 stack frames</pre></div><a href='#' onClick='toggleBox("stack-trace2133612542", this, "Click to show all stack frames", "Click to hide stack frames")'>Click to show all stack frames</a>
<div class='stack-trace' id='stack-trace2133612542'><pre>org.openqa.selenium.TimeoutException: Expected condition failed: waiting for title to contain &quot;User Preferences | HubSpot&quot;. Current title: &quot;Reports dashboard&quot; (tried for 25 second(s) with 500 milliseconds interval)
Build info: version: &apos;3.141.59&apos;, revision: &apos;e82be7d358&apos;, time: &apos;2018-11-14T08:17:03&apos;
System info: host: &apos;INPF00HE0Z&apos;, ip: &apos;192.168.43.194&apos;, os.name: &apos;Windows 10&apos;, os.arch: &apos;amd64&apos;, os.version: &apos;10.0&apos;, java.version: &apos;1.8.0_211&apos;
Driver info: org.openqa.selenium.chrome.ChromeDriver
Capabilities {acceptInsecureCerts: false, browserName: chrome, browserVersion: 76.0.3809.87, chrome: {chromedriverVersion: 76.0.3809.126 (d80a294506b4..., userDataDir: C:\Users\sganadipalli\AppDa...}, goog:chromeOptions: {debuggerAddress: localhost:58034}, javascriptEnabled: true, networkConnectionEnabled: false, pageLoadStrategy: normal, platform: XP, platformName: XP, proxy: Proxy(), setWindowRect: true, strictFileInteractability: false, timeouts: {implicit: 0, pageLoad: 300000, script: 30000}, unhandledPromptBehavior: dismiss and notify}
Session ID: 886823e3af8fdc051098cecddfa3d5cc
	at org.openqa.selenium.support.ui.WebDriverWait.timeoutException(WebDriverWait.java:95)
	at org.openqa.selenium.support.ui.FluentWait.until(FluentWait.java:272)
	at com.qa.hubspot.util.ElementActions.waitPageTitle(ElementActions.java:78)
	at com.qa.hubspot.pages.ProfileAndPreferencesPage.getProfileAndPreferencesTitle(ProfileAndPreferencesPage.java:36)
	at com.qa.hubspot.tests.ProfileAndPreferenceTest.profileAndPreferencesTitleTest(ProfileAndPreferenceTest.java:37)
	at sun.reflect.NativeMethodAccessorImpl.invoke0(Native Method)
	at sun.reflect.NativeMethodAccessorImpl.invoke(NativeMethodAccessorImpl.java:62)
	at sun.reflect.DelegatingMethodAccessorImpl.invoke(DelegatingMethodAccessorImpl.java:43)
	at java.lang.reflect.Method.invoke(Method.java:498)
	at org.testng.internal.MethodInvocationHelper.invokeMethod(MethodInvocationHelper.java:124)
	at org.testng.internal.Invoker.invokeMethod(Invoker.java:583)
	at org.testng.internal.Invoker.retryFailed(Invoker.java:839)
	at org.testng.internal.Invoker.invokeTestMethods(Invoker.java:1010)
	at org.testng.internal.TestMethodWorker.invokeTestMethods(TestMethodWorker.java:125)
	at org.testng.internal.TestMethodWorker.run(TestMethodWorker.java:109)
	at org.testng.TestRunner.privateRun(TestRunner.java:648)
	at org.testng.TestRunner.run(TestRunner.java:505)
	at org.testng.SuiteRunner.runTest(SuiteRunner.java:455)
	at org.testng.SuiteRunner.runSequentially(SuiteRunner.java:450)
	at org.testng.SuiteRunner.privateRun(SuiteRunner.java:415)
	at org.testng.SuiteRunner.run(SuiteRunner.java:364)
	at org.testng.SuiteRunnerWorker.runSuite(SuiteRunnerWorker.java:52)
	at org.testng.SuiteRunnerWorker.run(SuiteRunnerWorker.java:84)
	at org.testng.TestNG.runSuitesSequentially(TestNG.java:1208)
	at org.testng.TestNG.runSuitesLocally(TestNG.java:1137)
	at org.testng.TestNG.runSuites(TestNG.java:1049)
	at org.testng.TestNG.run(TestNG.java:1017)
	at org.apache.maven.surefire.testng.TestNGExecutor.run(TestNGExecutor.java:283)
	at org.apache.maven.surefire.testng.TestNGXmlTestSuite.execute(TestNGXmlTestSuite.java:75)
	at org.apache.maven.surefire.testng.TestNGProvider.invoke(TestNGProvider.java:120)
	at org.apache.maven.surefire.booter.ForkedBooter.invokeProviderInSameClassLoader(ForkedBooter.java:386)
	at org.apache.maven.surefire.booter.ForkedBooter.runSuitesInProcess(ForkedBooter.java:323)
	at org.apache.maven.surefire.booter.ForkedBooter.main(ForkedBooter.java:143)
</pre></div></td>
<td>25</td>
<td>com.qa.hubspot.tests.ProfileAndPreferenceTest@1c25b8a7</td></tr>
<tr>
<td title='com.qa.hubspot.tests.ProfileAndPreferenceTest.profileAndPreferencesTitleTest()'><b>profileAndPreferencesTitleTest</b><br>Test class: com.qa.hubspot.tests.ProfileAndPreferenceTest</td>
<td><div><pre>org.openqa.selenium.TimeoutException: Expected condition failed: waiting for title to contain &quot;User Preferences | HubSpot&quot;. Current title: &quot;Reports dashboard&quot; (tried for 25 second(s) with 500 milliseconds interval)
Build info: version: &apos;3.141.59&apos;, revision: &apos;e82be7d358&apos;, time: &apos;2018-11-14T08:17:03&apos;
System info: host: &apos;INPF00HE0Z&apos;, ip: &apos;192.168.43.194&apos;, os.name: &apos;Windows 10&apos;, os.arch: &apos;amd64&apos;, os.version: &apos;10.0&apos;, java.version: &apos;1.8.0_211&apos;
Driver info: org.openqa.selenium.chrome.ChromeDriver
Capabilities {acceptInsecureCerts: false, browserName: chrome, browserVersion: 76.0.3809.87, chrome: {chromedriverVersion: 76.0.3809.126 (d80a294506b4..., userDataDir: C:\Users\sganadipalli\AppDa...}, goog:chromeOptions: {debuggerAddress: localhost:58267}, javascriptEnabled: true, networkConnectionEnabled: false, pageLoadStrategy: normal, platform: XP, platformName: XP, proxy: Proxy(), setWindowRect: true, strictFileInteractability: false, timeouts: {implicit: 0, pageLoad: 300000, script: 30000}, unhandledPromptBehavior: dismiss and notify}
Session ID: 73648d694f2fc8e3ac7d7d6239446085
	at org.openqa.selenium.support.ui.WebDriverWait.timeoutException(WebDriverWait.java:95)
	at org.openqa.selenium.support.ui.FluentWait.until(FluentWait.java:272)
	at com.qa.hubspot.util.ElementActions.waitPageTitle(ElementActions.java:78)
	at com.qa.hubspot.pages.ProfileAndPreferencesPage.getProfileAndPreferencesTitle(ProfileAndPreferencesPage.java:36)
	at com.qa.hubspot.tests.ProfileAndPreferenceTest.profileAndPreferencesTitleTest(ProfileAndPreferenceTest.java:37)
... Removed 28 stack frames</pre></div><a href='#' onClick='toggleBox("stack-trace850083982", this, "Click to show all stack frames", "Click to hide stack frames")'>Click to show all stack frames</a>
<div class='stack-trace' id='stack-trace850083982'><pre>org.openqa.selenium.TimeoutException: Expected condition failed: waiting for title to contain &quot;User Preferences | HubSpot&quot;. Current title: &quot;Reports dashboard&quot; (tried for 25 second(s) with 500 milliseconds interval)
Build info: version: &apos;3.141.59&apos;, revision: &apos;e82be7d358&apos;, time: &apos;2018-11-14T08:17:03&apos;
System info: host: &apos;INPF00HE0Z&apos;, ip: &apos;192.168.43.194&apos;, os.name: &apos;Windows 10&apos;, os.arch: &apos;amd64&apos;, os.version: &apos;10.0&apos;, java.version: &apos;1.8.0_211&apos;
Driver info: org.openqa.selenium.chrome.ChromeDriver
Capabilities {acceptInsecureCerts: false, browserName: chrome, browserVersion: 76.0.3809.87, chrome: {chromedriverVersion: 76.0.3809.126 (d80a294506b4..., userDataDir: C:\Users\sganadipalli\AppDa...}, goog:chromeOptions: {debuggerAddress: localhost:58267}, javascriptEnabled: true, networkConnectionEnabled: false, pageLoadStrategy: normal, platform: XP, platformName: XP, proxy: Proxy(), setWindowRect: true, strictFileInteractability: false, timeouts: {implicit: 0, pageLoad: 300000, script: 30000}, unhandledPromptBehavior: dismiss and notify}
Session ID: 73648d694f2fc8e3ac7d7d6239446085
	at org.openqa.selenium.support.ui.WebDriverWait.timeoutException(WebDriverWait.java:95)
	at org.openqa.selenium.support.ui.FluentWait.until(FluentWait.java:272)
	at com.qa.hubspot.util.ElementActions.waitPageTitle(ElementActions.java:78)
	at com.qa.hubspot.pages.ProfileAndPreferencesPage.getProfileAndPreferencesTitle(ProfileAndPreferencesPage.java:36)
	at com.qa.hubspot.tests.ProfileAndPreferenceTest.profileAndPreferencesTitleTest(ProfileAndPreferenceTest.java:37)
	at sun.reflect.NativeMethodAccessorImpl.invoke0(Native Method)
	at sun.reflect.NativeMethodAccessorImpl.invoke(NativeMethodAccessorImpl.java:62)
	at sun.reflect.DelegatingMethodAccessorImpl.invoke(DelegatingMethodAccessorImpl.java:43)
	at java.lang.reflect.Method.invoke(Method.java:498)
	at org.testng.internal.MethodInvocationHelper.invokeMethod(MethodInvocationHelper.java:124)
	at org.testng.internal.Invoker.invokeMethod(Invoker.java:583)
	at org.testng.internal.Invoker.retryFailed(Invoker.java:839)
	at org.testng.internal.Invoker.invokeTestMethods(Invoker.java:1010)
	at org.testng.internal.TestMethodWorker.invokeTestMethods(TestMethodWorker.java:125)
	at org.testng.internal.TestMethodWorker.run(TestMethodWorker.java:109)
	at org.testng.TestRunner.privateRun(TestRunner.java:648)
	at org.testng.TestRunner.run(TestRunner.java:505)
	at org.testng.SuiteRunner.runTest(SuiteRunner.java:455)
	at org.testng.SuiteRunner.runSequentially(SuiteRunner.java:450)
	at org.testng.SuiteRunner.privateRun(SuiteRunner.java:415)
	at org.testng.SuiteRunner.run(SuiteRunner.java:364)
	at org.testng.SuiteRunnerWorker.runSuite(SuiteRunnerWorker.java:52)
	at org.testng.SuiteRunnerWorker.run(SuiteRunnerWorker.java:84)
	at org.testng.TestNG.runSuitesSequentially(TestNG.java:1208)
	at org.testng.TestNG.runSuitesLocally(TestNG.java:1137)
	at org.testng.TestNG.runSuites(TestNG.java:1049)
	at org.testng.TestNG.run(TestNG.java:1017)
	at org.apache.maven.surefire.testng.TestNGExecutor.run(TestNGExecutor.java:283)
	at org.apache.maven.surefire.testng.TestNGXmlTestSuite.execute(TestNGXmlTestSuite.java:75)
	at org.apache.maven.surefire.testng.TestNGProvider.invoke(TestNGProvider.java:120)
	at org.apache.maven.surefire.booter.ForkedBooter.invokeProviderInSameClassLoader(ForkedBooter.java:386)
	at org.apache.maven.surefire.booter.ForkedBooter.runSuitesInProcess(ForkedBooter.java:323)
	at org.apache.maven.surefire.booter.ForkedBooter.main(ForkedBooter.java:143)
</pre></div></td>
<td>25</td>
<td>com.qa.hubspot.tests.ProfileAndPreferenceTest@1c25b8a7</td></tr>
</table><p>
</body>
</html>