<?xml version="1.0" encoding="UTF-8"?>
<!-- Generated by org.testng.reporters.JUnitXMLReporter -->
<testsuite hostname="INPF00HE0Z" ignored="0" name="Hub Spot regression Test" tests="6" failures="1" timestamp="20 Dec 2019 15:01:45 GMT" time="164.509" errors="0">
  <testcase name="loginPageTitleTest" time="10.469" classname="com.qa.hubspot.tests.LoginPageTest"/>
  <testcase name="homePageTitleTest" time="6.401" classname="com.qa.hubspot.tests.HomePageTest"/>
  <testcase name="profileAndPreferencesTitleTest" time="25.293" classname="com.qa.hubspot.tests.ProfileAndPreferenceTest">
    <failure type="org.openqa.selenium.TimeoutException" message="Expected condition failed: waiting for title to contain &amp;quot;User Preferences | HubSpot&amp;quot;. Current title: &amp;quot;Reports dashboard&amp;quot; (tried for 25 second(s) with 500 milliseconds interval)
Build info: version: &amp;apos;3.141.59&amp;apos;, revision: &amp;apos;e82be7d358&amp;apos;, time: &amp;apos;2018-11-14T08:17:03&amp;apos;
System info: host: &amp;apos;INPF00HE0Z&amp;apos;, ip: &amp;apos;192.168.43.194&amp;apos;, os.name: &amp;apos;Windows 10&amp;apos;, os.arch: &amp;apos;amd64&amp;apos;, os.version: &amp;apos;10.0&amp;apos;, java.version: &amp;apos;1.8.0_211&amp;apos;
Driver info: org.openqa.selenium.chrome.ChromeDriver
Capabilities {acceptInsecureCerts: false, browserName: chrome, browserVersion: 76.0.3809.87, chrome: {chromedriverVersion: 76.0.3809.126 (d80a294506b4..., userDataDir: C:\Users\sganadipalli\AppDa...}, goog:chromeOptions: {debuggerAddress: localhost:58062}, javascriptEnabled: true, networkConnectionEnabled: false, pageLoadStrategy: normal, platform: XP, platformName: XP, proxy: Proxy(), setWindowRect: true, strictFileInteractability: false, timeouts: {implicit: 0, pageLoad: 300000, script: 30000}, unhandledPromptBehavior: dismiss and notify}
Session ID: 2cc6b5fa00969bdf2117e3cf531a300b">
      <![CDATA[org.openqa.selenium.TimeoutException: Expected condition failed: waiting for title to contain "User Preferences | HubSpot". Current title: "Reports dashboard" (tried for 25 second(s) with 500 milliseconds interval)
Build info: version: '3.141.59', revision: 'e82be7d358', time: '2018-11-14T08:17:03'
System info: host: 'INPF00HE0Z', ip: '192.168.43.194', os.name: 'Windows 10', os.arch: 'amd64', os.version: '10.0', java.version: '1.8.0_211'
Driver info: org.openqa.selenium.chrome.ChromeDriver
Capabilities {acceptInsecureCerts: false, browserName: chrome, browserVersion: 76.0.3809.87, chrome: {chromedriverVersion: 76.0.3809.126 (d80a294506b4..., userDataDir: C:\Users\sganadipalli\AppDa...}, goog:chromeOptions: {debuggerAddress: localhost:58062}, javascriptEnabled: true, networkConnectionEnabled: false, pageLoadStrategy: normal, platform: XP, platformName: XP, proxy: Proxy(), setWindowRect: true, strictFileInteractability: false, timeouts: {implicit: 0, pageLoad: 300000, script: 30000}, unhandledPromptBehavior: dismiss and notify}
Session ID: 2cc6b5fa00969bdf2117e3cf531a300b
at org.openqa.selenium.support.ui.WebDriverWait.timeoutException(WebDriverWait.java:95)
at org.openqa.selenium.support.ui.FluentWait.until(FluentWait.java:272)
at com.qa.hubspot.util.ElementActions.waitPageTitle(ElementActions.java:78)
at com.qa.hubspot.pages.ProfileAndPreferencesPage.getProfileAndPreferencesTitle(ProfileAndPreferencesPage.java:36)
at com.qa.hubspot.tests.ProfileAndPreferenceTest.profileAndPreferencesTitleTest(ProfileAndPreferenceTest.java:37)
... Removed 28 stack frames]]>
    </failure>
  </testcase> <!-- profileAndPreferencesTitleTest -->
  <testcase name="contactsPageTitleTest" time="0.013" classname="com.qa.hubspot.tests.ContactsPageTest"/>
  <testcase name="signUpLinkTest" time="9.849" classname="com.qa.hubspot.tests.LoginPageTest"/>
  <testcase name="homePageHeaderTextTest" time="9.611" classname="com.qa.hubspot.tests.HomePageTest"/>
</testsuite> <!-- Hub Spot regression Test -->
