<!DOCTYPE html PUBLIC "-//W3C//DTD XHTML 1.1//EN" "http://www.w3.org/TR/xhtml11/DTD/xhtml11.dtd">
<html xmlns="http://www.w3.org/1999/xhtml">
<head>
<meta http-equiv="content-type" content="text/html; charset=UTF-8"/>
<title>TestNG Report</title>
<style type="text/css">table {margin-bottom:10px;border-collapse:collapse;empty-cells:show}th,td {border:1px solid #009;padding:.25em .5em}th {vertical-align:bottom}td {vertical-align:top}table a {font-weight:bold}.stripe td {background-color: #E6EBF9}.num {text-align:right}.passedodd td {background-color: #3F3}.passedeven td {background-color: #0A0}.skippedodd td {background-color: #DDD}.skippedeven td {background-color: #CCC}.failedodd td,.attn {background-color: #F33}.failedeven td,.stripe .attn {background-color: #D00}.stacktrace {white-space:pre;font-family:monospace}.totop {font-size:85%;text-align:center;border-bottom:2px solid #000}.invisible {display:none}</style>
</head>
<body>
<table>
<tr><th>Test</th><th># Passed</th><th># Skipped</th><th># Failed</th><th>Time (ms)</th><th>Included Groups</th><th>Excluded Groups</th></tr>
<tr><th colspan="7">Hub Spot Test Suite</th></tr>
<tr><td><a href="#t0">Hub Spot sanity Test</a></td><td class="num">7</td><td class="num attn">4</td><td class="num">0</td><td class="num">435,804</td><td></td><td></td></tr>
</table>
<table id='summary'><thead><tr><th>Class</th><th>Method</th><th>Start</th><th>Time (ms)</th></tr></thead><tbody><tr><th colspan="4">Hub Spot Test Suite</th></tr></tbody><tbody id="t0"><tr><th colspan="4">Hub Spot sanity Test &#8212; skipped</th></tr><tr class="skippedeven"><td rowspan="1">com.qa.hubspot.tests.ContactsPageTest</td><td><a href="#m0">contactsPageTitleTest</a></td><td rowspan="1">1576931462287</td><td rowspan="1">25195</td></tr><tr class="skippedodd"><td rowspan="3">com.qa.hubspot.tests.ProfileAndPreferenceTest</td><td><a href="#m1">profileAndPreferencesTitleTest</a></td><td rowspan="3">1576931261347</td><td rowspan="3">25308</td></tr><tr class="skippedodd"><td><a href="#m2">profileAndPreferencesTitleTest</a></td></tr><tr class="skippedodd"><td><a href="#m3">profileAndPreferencesTitleTest</a></td></tr><tr><th colspan="4">Hub Spot sanity Test &#8212; passed</th></tr><tr class="passedeven"><td rowspan="1">com.qa.hubspot.tests.ContactsPageTest</td><td><a href="#m4">contactsPageTitleTest</a></td><td rowspan="1">1576931516023</td><td rowspan="1">14</td></tr><tr class="passedodd"><td rowspan="1">com.qa.hubspot.tests.DealsPageTest</td><td><a href="#m5">titleTest</a></td><td rowspan="1">1576931556556</td><td rowspan="1">130</td></tr><tr class="passedeven"><td rowspan="2">com.qa.hubspot.tests.HomePageTest</td><td><a href="#m6">homePageHeaderTextTest</a></td><td rowspan="1">1576931594478</td><td rowspan="1">15102</td></tr><tr class="passedeven"><td><a href="#m7">homePageTitleTest</a></td><td rowspan="1">1576931219348</td><td rowspan="1">6444</td></tr><tr class="passedodd"><td rowspan="2">com.qa.hubspot.tests.LoginPageTest</td><td><a href="#m8">loginPageTitleTest</a></td><td rowspan="1">1576931184551</td><td rowspan="1">14152</td></tr><tr class="passedodd"><td><a href="#m9">signUpLinkTest</a></td><td rowspan="1">1576931562274</td><td rowspan="1">15129</td></tr><tr class="passedeven"><td rowspan="1">com.qa.hubspot.tests.ProfileAndPreferenceTest</td><td><a href="#m10">profileAndPreferencesTitleTest</a></td><td rowspan="1">1576931432077</td><td rowspan="1">252</td></tr></tbody>
</table>
<h2>Hub Spot sanity Test</h2><h3 id="m0">com.qa.hubspot.tests.ContactsPageTest#contactsPageTitleTest</h3><table class="result"><tr><th>Exception</th></tr><tr><td><div class="stacktrace">org.openqa.selenium.TimeoutException: Expected condition failed: waiting for title to contain &quot;Contacts&quot;. Current title: &quot;Reports dashboard&quot; (tried for 25 second(s) with 500 milliseconds interval)
Build info: version: &apos;3.141.59&apos;, revision: &apos;e82be7d358&apos;, time: &apos;2018-11-14T08:17:03&apos;
System info: host: &apos;INPF00HE0Z&apos;, ip: &apos;192.168.43.194&apos;, os.name: &apos;Windows 10&apos;, os.arch: &apos;amd64&apos;, os.version: &apos;10.0&apos;, java.version: &apos;1.8.0_211&apos;
Driver info: org.openqa.selenium.chrome.ChromeDriver
Capabilities {acceptInsecureCerts: false, browserName: chrome, browserVersion: 76.0.3809.87, chrome: {chromedriverVersion: 76.0.3809.126 (d80a294506b4..., userDataDir: C:\Users\sganadipalli\AppDa...}, goog:chromeOptions: {debuggerAddress: localhost:58616}, javascriptEnabled: true, networkConnectionEnabled: false, pageLoadStrategy: normal, platform: XP, platformName: XP, proxy: Proxy(), setWindowRect: true, strictFileInteractability: false, timeouts: {implicit: 0, pageLoad: 300000, script: 30000}, unhandledPromptBehavior: dismiss and notify}
Session ID: eb64105d00565c68ed8431c37569e05a
	at org.openqa.selenium.support.ui.WebDriverWait.timeoutException(WebDriverWait.java:95)
	at org.openqa.selenium.support.ui.FluentWait.until(FluentWait.java:272)
	at com.qa.hubspot.util.ElementActions.waitPageTitle(ElementActions.java:78)
	at com.qa.hubspot.pages.ContactsPage.getContactsPageTitle(ContactsPage.java:36)
	at com.qa.hubspot.tests.ContactsPageTest.contactsPageTitleTest(ContactsPageTest.java:42)
... Removed 28 stack frames</div></td></tr></table><p class="totop"><a href="#summary">back to summary</a></p>
<h3 id="m1">com.qa.hubspot.tests.ProfileAndPreferenceTest#profileAndPreferencesTitleTest</h3><table class="result"><tr><th>Exception</th></tr><tr><td><div class="stacktrace">org.openqa.selenium.TimeoutException: Expected condition failed: waiting for title to contain &quot;User Preferences | HubSpot&quot;. Current title: &quot;Reports dashboard&quot; (tried for 25 second(s) with 500 milliseconds interval)
Build info: version: &apos;3.141.59&apos;, revision: &apos;e82be7d358&apos;, time: &apos;2018-11-14T08:17:03&apos;
System info: host: &apos;INPF00HE0Z&apos;, ip: &apos;192.168.43.194&apos;, os.name: &apos;Windows 10&apos;, os.arch: &apos;amd64&apos;, os.version: &apos;10.0&apos;, java.version: &apos;1.8.0_211&apos;
Driver info: org.openqa.selenium.chrome.ChromeDriver
Capabilities {acceptInsecureCerts: false, browserName: chrome, browserVersion: 76.0.3809.87, chrome: {chromedriverVersion: 76.0.3809.126 (d80a294506b4..., userDataDir: C:\Users\sganadipalli\AppDa...}, goog:chromeOptions: {debuggerAddress: localhost:57801}, javascriptEnabled: true, networkConnectionEnabled: false, pageLoadStrategy: normal, platform: XP, platformName: XP, proxy: Proxy(), setWindowRect: true, strictFileInteractability: false, timeouts: {implicit: 0, pageLoad: 300000, script: 30000}, unhandledPromptBehavior: dismiss and notify}
Session ID: cb3da1ba85ebd49362c030e9cc133c08
	at org.openqa.selenium.support.ui.WebDriverWait.timeoutException(WebDriverWait.java:95)
	at org.openqa.selenium.support.ui.FluentWait.until(FluentWait.java:272)
	at com.qa.hubspot.util.ElementActions.waitPageTitle(ElementActions.java:78)
	at com.qa.hubspot.pages.ProfileAndPreferencesPage.getProfileAndPreferencesTitle(ProfileAndPreferencesPage.java:36)
	at com.qa.hubspot.tests.ProfileAndPreferenceTest.profileAndPreferencesTitleTest(ProfileAndPreferenceTest.java:37)
... Removed 28 stack frames</div></td></tr></table><p class="totop"><a href="#summary">back to summary</a></p>
<h3 id="m2">com.qa.hubspot.tests.ProfileAndPreferenceTest#profileAndPreferencesTitleTest</h3><table class="result"><tr><th>Exception</th></tr><tr><td><div class="stacktrace">org.openqa.selenium.TimeoutException: Expected condition failed: waiting for title to contain &quot;User Preferences | HubSpot&quot;. Current title: &quot;Reports dashboard&quot; (tried for 25 second(s) with 500 milliseconds interval)
Build info: version: &apos;3.141.59&apos;, revision: &apos;e82be7d358&apos;, time: &apos;2018-11-14T08:17:03&apos;
System info: host: &apos;INPF00HE0Z&apos;, ip: &apos;192.168.43.194&apos;, os.name: &apos;Windows 10&apos;, os.arch: &apos;amd64&apos;, os.version: &apos;10.0&apos;, java.version: &apos;1.8.0_211&apos;
Driver info: org.openqa.selenium.chrome.ChromeDriver
Capabilities {acceptInsecureCerts: false, browserName: chrome, browserVersion: 76.0.3809.87, chrome: {chromedriverVersion: 76.0.3809.126 (d80a294506b4..., userDataDir: C:\Users\sganadipalli\AppDa...}, goog:chromeOptions: {debuggerAddress: localhost:58034}, javascriptEnabled: true, networkConnectionEnabled: false, pageLoadStrategy: normal, platform: XP, platformName: XP, proxy: Proxy(), setWindowRect: true, strictFileInteractability: false, timeouts: {implicit: 0, pageLoad: 300000, script: 30000}, unhandledPromptBehavior: dismiss and notify}
Session ID: 886823e3af8fdc051098cecddfa3d5cc
	at org.openqa.selenium.support.ui.WebDriverWait.timeoutException(WebDriverWait.java:95)
	at org.openqa.selenium.support.ui.FluentWait.until(FluentWait.java:272)
	at com.qa.hubspot.util.ElementActions.waitPageTitle(ElementActions.java:78)
	at com.qa.hubspot.pages.ProfileAndPreferencesPage.getProfileAndPreferencesTitle(ProfileAndPreferencesPage.java:36)
	at com.qa.hubspot.tests.ProfileAndPreferenceTest.profileAndPreferencesTitleTest(ProfileAndPreferenceTest.java:37)
... Removed 28 stack frames</div></td></tr></table><p class="totop"><a href="#summary">back to summary</a></p>
<h3 id="m3">com.qa.hubspot.tests.ProfileAndPreferenceTest#profileAndPreferencesTitleTest</h3><table class="result"><tr><th>Exception</th></tr><tr><td><div class="stacktrace">org.openqa.selenium.TimeoutException: Expected condition failed: waiting for title to contain &quot;User Preferences | HubSpot&quot;. Current title: &quot;Reports dashboard&quot; (tried for 25 second(s) with 500 milliseconds interval)
Build info: version: &apos;3.141.59&apos;, revision: &apos;e82be7d358&apos;, time: &apos;2018-11-14T08:17:03&apos;
System info: host: &apos;INPF00HE0Z&apos;, ip: &apos;192.168.43.194&apos;, os.name: &apos;Windows 10&apos;, os.arch: &apos;amd64&apos;, os.version: &apos;10.0&apos;, java.version: &apos;1.8.0_211&apos;
Driver info: org.openqa.selenium.chrome.ChromeDriver
Capabilities {acceptInsecureCerts: false, browserName: chrome, browserVersion: 76.0.3809.87, chrome: {chromedriverVersion: 76.0.3809.126 (d80a294506b4..., userDataDir: C:\Users\sganadipalli\AppDa...}, goog:chromeOptions: {debuggerAddress: localhost:58267}, javascriptEnabled: true, networkConnectionEnabled: false, pageLoadStrategy: normal, platform: XP, platformName: XP, proxy: Proxy(), setWindowRect: true, strictFileInteractability: false, timeouts: {implicit: 0, pageLoad: 300000, script: 30000}, unhandledPromptBehavior: dismiss and notify}
Session ID: 73648d694f2fc8e3ac7d7d6239446085
	at org.openqa.selenium.support.ui.WebDriverWait.timeoutException(WebDriverWait.java:95)
	at org.openqa.selenium.support.ui.FluentWait.until(FluentWait.java:272)
	at com.qa.hubspot.util.ElementActions.waitPageTitle(ElementActions.java:78)
	at com.qa.hubspot.pages.ProfileAndPreferencesPage.getProfileAndPreferencesTitle(ProfileAndPreferencesPage.java:36)
	at com.qa.hubspot.tests.ProfileAndPreferenceTest.profileAndPreferencesTitleTest(ProfileAndPreferenceTest.java:37)
... Removed 28 stack frames</div></td></tr></table><p class="totop"><a href="#summary">back to summary</a></p>
<h3 id="m4">com.qa.hubspot.tests.ContactsPageTest#contactsPageTitleTest</h3><table class="result"><tr><th class="invisible"/></tr></table><p class="totop"><a href="#summary">back to summary</a></p>
<h3 id="m5">com.qa.hubspot.tests.DealsPageTest#titleTest</h3><table class="result"><tr><th class="invisible"/></tr></table><p class="totop"><a href="#summary">back to summary</a></p>
<h3 id="m6">com.qa.hubspot.tests.HomePageTest#homePageHeaderTextTest</h3><table class="result"><tr><th class="invisible"/></tr></table><p class="totop"><a href="#summary">back to summary</a></p>
<h3 id="m7">com.qa.hubspot.tests.HomePageTest#homePageTitleTest</h3><table class="result"><tr><th class="invisible"/></tr></table><p class="totop"><a href="#summary">back to summary</a></p>
<h3 id="m8">com.qa.hubspot.tests.LoginPageTest#loginPageTitleTest</h3><table class="result"><tr><th class="invisible"/></tr></table><p class="totop"><a href="#summary">back to summary</a></p>
<h3 id="m9">com.qa.hubspot.tests.LoginPageTest#signUpLinkTest</h3><table class="result"><tr><th class="invisible"/></tr></table><p class="totop"><a href="#summary">back to summary</a></p>
<h3 id="m10">com.qa.hubspot.tests.ProfileAndPreferenceTest#profileAndPreferencesTitleTest</h3><table class="result"><tr><th class="invisible"/></tr></table><p class="totop"><a href="#summary">back to summary</a></p>
</body>
</html>
